# JRE version: Java(TM) SE Runtime Environment (8.0_181-b13) (build 1.8.0_181-b13)
# Java VM: Java HotSpot(TM) 64-Bit Server VM (25.181-b13 mixed mode bsd-amd64 compressed oops)
Heap:
 PSYoungGen      total 23040K, used 3841K [0x00000007aab00000, 0x00000007ac800000, 0x00000007c0000000)
  eden space 16384K, 23% used [0x00000007aab00000,0x00000007aaec0790,0x00000007abb00000)
  from space 6656K, 0% used [0x00000007abb00000,0x00000007abb00000,0x00000007ac180000)
  to   space 6656K, 0% used [0x00000007ac180000,0x00000007ac180000,0x00000007ac800000)
 ParOldGen       total 31744K, used 11886K [0x0000000780000000, 0x0000000781f00000, 0x00000007aab00000)
  object space 31744K, 37% used [0x0000000780000000,0x0000000780b9ba70,0x0000000781f00000)
 Metaspace       used 22358K, capacity 23072K, committed 23296K, reserved 1069056K
  class space    used 2811K, capacity 3019K, committed 3072K, reserved 1048576K
GC Heap History (10 events):
Event: 49.962 GC heap before
{Heap before GC invocations=12 (full 0):
 PSYoungGen      total 23552K, used 17331K [0x00000007aab00000, 0x00000007ac900000, 0x00000007c0000000)
  eden space 16384K, 100% used [0x00000007aab00000,0x00000007abb00000,0x00000007abb00000)
  from space 7168K, 13% used [0x00000007abb00000,0x00000007abbecc70,0x00000007ac200000)
  to   space 7168K, 0% used [0x00000007ac200000,0x00000007ac200000,0x00000007ac900000)
 ParOldGen       total 44032K, used 13651K [0x0000000780000000, 0x0000000782b00000, 0x00000007aab00000)
  object space 44032K, 31% used [0x0000000780000000,0x0000000780d54c40,0x0000000782b00000)
 Metaspace       used 20279K, capacity 20852K, committed 21120K, reserved 1067008K
  class space    used 2507K, capacity 2674K, committed 2688K, reserved 1048576K
Event: 49.964 GC heap after
Heap after GC invocations=12 (full 0):
 PSYoungGen      total 23552K, used 1183K [0x00000007aab00000, 0x00000007ac900000, 0x00000007c0000000)
  eden space 16384K, 0% used [0x00000007aab00000,0x00000007aab00000,0x00000007abb00000)
  from space 7168K, 16% used [0x00000007ac200000,0x00000007ac327f20,0x00000007ac900000)
  to   space 7168K, 0% used [0x00000007abb00000,0x00000007abb00000,0x00000007ac200000)
 ParOldGen       total 44032K, used 13931K [0x0000000780000000, 0x0000000782b00000, 0x00000007aab00000)
  object space 44032K, 31% used [0x0000000780000000,0x0000000780d9aca0,0x0000000782b00000)
 Metaspace       used 20279K, capacity 20852K, committed 21120K, reserved 1067008K
  class space    used 2507K, capacity 2674K, committed 2688K, reserved 1048576K
}
Event: 50.524 GC heap before
{Heap before GC invocations=13 (full 0):
 PSYoungGen      total 23552K, used 17567K [0x00000007aab00000, 0x00000007ac900000, 0x00000007c0000000)
  eden space 16384K, 100% used [0x00000007aab00000,0x00000007abb00000,0x00000007abb00000)
  from space 7168K, 16% used [0x00000007ac200000,0x00000007ac327f20,0x00000007ac900000)
  to   space 7168K, 0% used [0x00000007abb00000,0x00000007abb00000,0x00000007ac200000)
 ParOldGen       total 44032K, used 13931K [0x0000000780000000, 0x0000000782b00000, 0x00000007aab00000)
  object space 44032K, 31% used [0x0000000780000000,0x0000000780d9aca0,0x0000000782b00000)
 Metaspace       used 20287K, capacity 20916K, committed 21120K, reserved 1067008K
  class space    used 2507K, capacity 2674K, committed 2688K, reserved 1048576K
Event: 50.526 GC heap after
Heap after GC invocations=13 (full 0):
 PSYoungGen      total 17920K, used 1495K [0x00000007aab00000, 0x00000007ac800000, 0x00000007c0000000)
  eden space 16384K, 0% used [0x00000007aab00000,0x00000007aab00000,0x00000007abb00000)
  from space 1536K, 97% used [0x00000007abb00000,0x00000007abc75d50,0x00000007abc80000)
  to   space 6656K, 0% used [0x00000007ac180000,0x00000007ac180000,0x00000007ac800000)
 ParOldGen       total 44032K, used 14325K [0x0000000780000000, 0x0000000782b00000, 0x00000007aab00000)
  object space 44032K, 32% used [0x0000000780000000,0x0000000780dfd6a0,0x0000000782b00000)
 Metaspace       used 20287K, capacity 20916K, committed 21120K, reserved 1067008K
  class space    used 2507K, capacity 2674K, committed 2688K, reserved 1048576K
}
Event: 51.065 GC heap before
{Heap before GC invocations=14 (full 0):
 PSYoungGen      total 17920K, used 17879K [0x00000007aab00000, 0x00000007ac800000, 0x00000007c0000000)
  eden space 16384K, 100% used [0x00000007aab00000,0x00000007abb00000,0x00000007abb00000)
  from space 1536K, 97% used [0x00000007abb00000,0x00000007abc75d50,0x00000007abc80000)
  to   space 6656K, 0% used [0x00000007ac180000,0x00000007ac180000,0x00000007ac800000)
 ParOldGen       total 44032K, used 14325K [0x0000000780000000, 0x0000000782b00000, 0x00000007aab00000)
  object space 44032K, 32% used [0x0000000780000000,0x0000000780dfd6a0,0x0000000782b00000)
 Metaspace       used 20298K, capacity 20916K, committed 21120K, reserved 1067008K
  class space    used 2507K, capacity 2674K, committed 2688K, reserved 1048576K
Event: 51.066 GC heap after
Heap after GC invocations=14 (full 0):
 PSYoungGen      total 23040K, used 1495K [0x00000007aab00000, 0x00000007ac800000, 0x00000007c0000000)
  eden space 16384K, 0% used [0x00000007aab00000,0x00000007aab00000,0x00000007abb00000)
  from space 6656K, 22% used [0x00000007ac180000,0x00000007ac2f5d50,0x00000007ac800000)
  to   space 6656K, 0% used [0x00000007abb00000,0x00000007abb00000,0x00000007ac180000)
 ParOldGen       total 44032K, used 14618K [0x0000000780000000, 0x0000000782b00000, 0x00000007aab00000)
  object space 44032K, 33% used [0x0000000780000000,0x0000000780e46980,0x0000000782b00000)
 Metaspace       used 20298K, capacity 20916K, committed 21120K, reserved 1067008K
  class space    used 2507K, capacity 2674K, committed 2688K, reserved 1048576K
}
Event: 54.241 GC heap before
{Heap before GC invocations=15 (full 0):
 PSYoungGen      total 23040K, used 8395K [0x00000007aab00000, 0x00000007ac800000, 0x00000007c0000000)
  eden space 16384K, 42% used [0x00000007aab00000,0x00000007ab1bcfe8,0x00000007abb00000)
  from space 6656K, 22% used [0x00000007ac180000,0x00000007ac2f5d50,0x00000007ac800000)
  to   space 6656K, 0% used [0x00000007abb00000,0x00000007abb00000,0x00000007ac180000)
 ParOldGen       total 44032K, used 14618K [0x0000000780000000, 0x0000000782b00000, 0x00000007aab00000)
  object space 44032K, 33% used [0x0000000780000000,0x0000000780e46980,0x0000000782b00000)
 Metaspace       used 20506K, capacity 21076K, committed 21248K, reserved 1067008K
  class space    used 2536K, capacity 2706K, committed 2816K, reserved 1048576K
Event: 54.242 GC heap after
Heap after GC invocations=15 (full 0):
 PSYoungGen      total 23040K, used 383K [0x00000007aab00000, 0x00000007ac800000, 0x00000007c0000000)
  eden space 16384K, 0% used [0x00000007aab00000,0x00000007aab00000,0x00000007abb00000)
  from space 6656K, 5% used [0x00000007abb00000,0x00000007abb5fdc0,0x00000007ac180000)
  to   space 6656K, 0% used [0x00000007ac180000,0x00000007ac180000,0x00000007ac800000)
 ParOldGen       total 44032K, used 14957K [0x0000000780000000, 0x0000000782b00000, 0x00000007aab00000)
  object space 44032K, 33% used [0x0000000780000000,0x0000000780e9b7f0,0x0000000782b00000)
 Metaspace       used 20506K, capacity 21076K, committed 21248K, reserved 1067008K
  class space    used 2536K, capacity 2706K, committed 2816K, reserved 1048576K
}
Event: 54.242 GC heap before
{Heap before GC invocations=16 (full 1):
 PSYoungGen      total 23040K, used 383K [0x00000007aab00000, 0x00000007ac800000, 0x00000007c0000000)
  eden space 16384K, 0% used [0x00000007aab00000,0x00000007aab00000,0x00000007abb00000)
  from space 6656K, 5% used [0x00000007abb00000,0x00000007abb5fdc0,0x00000007ac180000)
  to   space 6656K, 0% used [0x00000007ac180000,0x00000007ac180000,0x00000007ac800000)
 ParOldGen       total 44032K, used 14957K [0x0000000780000000, 0x0000000782b00000, 0x00000007aab00000)
  object space 44032K, 33% used [0x0000000780000000,0x0000000780e9b7f0,0x0000000782b00000)
 Metaspace       used 20506K, capacity 21076K, committed 21248K, reserved 1067008K
  class space    used 2536K, capacity 2706K, committed 2816K, reserved 1048576K
Event: 54.308 GC heap after
Heap after GC invocations=16 (full 1):
 PSYoungGen      total 23040K, used 0K [0x00000007aab00000, 0x00000007ac800000, 0x00000007c0000000)
  eden space 16384K, 0% used [0x00000007aab00000,0x00000007aab00000,0x00000007abb00000)
  from space 6656K, 0% used [0x00000007abb00000,0x00000007abb00000,0x00000007ac180000)
  to   space 6656K, 0% used [0x00000007ac180000,0x00000007ac180000,0x00000007ac800000)
 ParOldGen       total 31744K, used 11886K [0x0000000780000000, 0x0000000781f00000, 0x00000007aab00000)
  object space 31744K, 37% used [0x0000000780000000,0x0000000780b9ba70,0x0000000781f00000)
 Metaspace       used 20506K, capacity 21076K, committed 21248K, reserved 1067008K
  class space    used 2536K, capacity 2706K, committed 2816K, reserved 1048576K
}

